<?xml version="1.0" encoding="UTF-8" ?>
<!--
  Copyright (c) 2011 Adrian Cristian Ionescu.
  All rights reserved. This program and the accompanying materials
  are made available under the terms of the GNU Lesser Public License v2.1
  which accompanies this distribution, and is available at
  http://www.gnu.org/licenses/old-licenses/gpl-2.0.html
  
  Contributors:
      Adrian Cristian Ionescu - initial API and implementation
-->
<testsuite failures="0" time="0.04" errors="1" skipped="0" tests="1" name="ro.zg.mdb.test.CommandsTest">
  <properties>
    <property name="java.runtime.name" value="OpenJDK Runtime Environment"/>
    <property name="sun.boot.library.path" value="/usr/lib/jvm/java-6-openjdk/jre/lib/amd64"/>
    <property name="java.vm.version" value="19.0-b09"/>
    <property name="java.vm.vendor" value="Sun Microsystems Inc."/>
    <property name="java.vendor.url" value="http://java.sun.com/"/>
    <property name="path.separator" value=":"/>
    <property name="java.vm.name" value="OpenJDK 64-Bit Server VM"/>
    <property name="file.encoding.pkg" value="sun.io"/>
    <property name="user.country" value="US"/>
    <property name="sun.java.launcher" value="SUN_STANDARD"/>
    <property name="sun.os.patch.level" value="unknown"/>
    <property name="java.vm.specification.name" value="Java Virtual Machine Specification"/>
    <property name="user.dir" value="/home/adi/workspace/projects/mdb-commons"/>
    <property name="java.runtime.version" value="1.6.0_22-b22"/>
    <property name="java.awt.graphicsenv" value="sun.awt.X11GraphicsEnvironment"/>
    <property name="basedir" value="/home/adi/workspace/projects/mdb-commons"/>
    <property name="java.endorsed.dirs" value="/usr/lib/jvm/java-6-openjdk/jre/lib/endorsed"/>
    <property name="os.arch" value="amd64"/>
    <property name="surefire.real.class.path" value="/home/adi/workspace/projects/mdb-commons/target/surefire/surefirebooter7954495409972891921.jar"/>
    <property name="java.io.tmpdir" value="/tmp"/>
    <property name="line.separator" value="
"/>
    <property name="java.vm.specification.vendor" value="Sun Microsystems Inc."/>
    <property name="os.name" value="Linux"/>
    <property name="sun.jnu.encoding" value="UTF-8"/>
    <property name="java.library.path" value="/usr/lib/jvm/java-6-openjdk/jre/lib/amd64/server:/usr/lib/jvm/java-6-openjdk/jre/lib/amd64:/usr/lib/jvm/java-6-openjdk/jre/../lib/amd64:/usr/java/packages/lib/amd64:/usr/lib64:/lib64:/lib:/usr/lib"/>
    <property name="surefire.test.class.path" value="/home/adi/workspace/projects/mdb-commons/target/test-classes:/home/adi/workspace/projects/mdb-commons/target/classes:/home/adi/.m2/repository/junit/junit/4.8.2/junit-4.8.2.jar:/home/adi/.m2/repository/ro/zg/commons/0.0.1-SNAPSHOT/commons-0.0.1-SNAPSHOT.jar:/home/adi/.m2/repository/log4j/log4j/1.2.14/log4j-1.2.14.jar:/home/adi/.m2/repository/javax/mail/mail/1.4.3/mail-1.4.3.jar:/home/adi/.m2/repository/javax/activation/activation/1.1/activation-1.1.jar:/home/adi/.m2/repository/commons-net/commons-net/2.2/commons-net-2.2.jar:"/>
    <property name="java.specification.name" value="Java Platform API Specification"/>
    <property name="java.class.version" value="50.0"/>
    <property name="sun.management.compiler" value="HotSpot 64-Bit Server Compiler"/>
    <property name="os.version" value="3.0-ARCH"/>
    <property name="user.home" value="/home/adi"/>
    <property name="user.timezone" value=""/>
    <property name="java.awt.printerjob" value="sun.print.PSPrinterJob"/>
    <property name="file.encoding" value="UTF-8"/>
    <property name="java.specification.version" value="1.6"/>
    <property name="user.name" value="adi"/>
    <property name="java.class.path" value="/home/adi/workspace/projects/mdb-commons/target/test-classes:/home/adi/workspace/projects/mdb-commons/target/classes:/home/adi/.m2/repository/junit/junit/4.8.2/junit-4.8.2.jar:/home/adi/.m2/repository/ro/zg/commons/0.0.1-SNAPSHOT/commons-0.0.1-SNAPSHOT.jar:/home/adi/.m2/repository/log4j/log4j/1.2.14/log4j-1.2.14.jar:/home/adi/.m2/repository/javax/mail/mail/1.4.3/mail-1.4.3.jar:/home/adi/.m2/repository/javax/activation/activation/1.1/activation-1.1.jar:/home/adi/.m2/repository/commons-net/commons-net/2.2/commons-net-2.2.jar:"/>
    <property name="java.vm.specification.version" value="1.0"/>
    <property name="sun.arch.data.model" value="64"/>
    <property name="java.home" value="/usr/lib/jvm/java-6-openjdk/jre"/>
    <property name="java.specification.vendor" value="Sun Microsystems Inc."/>
    <property name="user.language" value="en"/>
    <property name="java.vm.info" value="mixed mode"/>
    <property name="java.version" value="1.6.0_22"/>
    <property name="java.ext.dirs" value="/usr/lib/jvm/java-6-openjdk/jre/lib/ext:/usr/java/packages/lib/ext"/>
    <property name="sun.boot.class.path" value="/usr/lib/jvm/java-6-openjdk/jre/lib/resources.jar:/usr/lib/jvm/java-6-openjdk/jre/lib/rt.jar:/usr/lib/jvm/java-6-openjdk/jre/lib/sunrsasign.jar:/usr/lib/jvm/java-6-openjdk/jre/lib/jsse.jar:/usr/lib/jvm/java-6-openjdk/jre/lib/jce.jar:/usr/lib/jvm/java-6-openjdk/jre/lib/charsets.jar:/usr/lib/jvm/java-6-openjdk/jre/lib/netx.jar:/usr/lib/jvm/java-6-openjdk/jre/lib/plugin.jar:/usr/lib/jvm/java-6-openjdk/jre/lib/rhino.jar:/usr/lib/jvm/java-6-openjdk/jre/lib/modules/jdk.boot.jar:/usr/lib/jvm/java-6-openjdk/jre/classes"/>
    <property name="java.vendor" value="Sun Microsystems Inc."/>
    <property name="localRepository" value="/home/adi/.m2/repository"/>
    <property name="file.separator" value="/"/>
    <property name="java.vendor.url.bug" value="http://java.sun.com/cgi-bin/bugreport.cgi"/>
    <property name="sun.cpu.endian" value="little"/>
    <property name="sun.io.unicode.encoding" value="UnicodeLittle"/>
    <property name="sun.desktop" value="gnome"/>
    <property name="sun.cpu.isalist" value=""/>
  </properties>
  <testcase time="0.036" classname="ro.zg.mdb.test.CommandsTest" name="testCommandBuilder">
    <error type="java.lang.NullPointerException">java.lang.NullPointerException
	at ro.zg.mdb.core.meta.PersistentDataManager.getPersistenceManager(PersistentDataManager.java:28)
	at ro.zg.mdb.core.meta.ObjectDataManagersRepository.getObjectDataManager(ObjectDataManagersRepository.java:39)
	at ro.zg.mdb.core.meta.SchemaContext.getObjectDataManager(SchemaContext.java:45)
	at ro.zg.mdb.core.meta.TransactionManager.getObjectDataManager(TransactionManager.java:183)
	at ro.zg.mdb.core.meta.TransactionManager.readAllObjects(TransactionManager.java:222)
	at ro.zg.mdb.commands.processors.FindProcessor.processAll(FindProcessor.java:27)
	at ro.zg.mdb.commands.processors.FindProcessor.processAll(FindProcessor.java:19)
	at ro.zg.mdb.commands.processors.FilteredCommandProcessor.process(FilteredCommandProcessor.java:69)
	at ro.zg.mdb.core.meta.ObjectDataManager.find(ObjectDataManager.java:52)
	at ro.zg.mdb.commands.GetCommand.execute(GetCommand.java:39)
	at ro.zg.mdb.test.CommandsTest.testCommandBuilder(CommandsTest.java:30)
	at sun.reflect.NativeMethodAccessorImpl.invoke0(Native Method)
	at sun.reflect.NativeMethodAccessorImpl.invoke(NativeMethodAccessorImpl.java:57)
	at sun.reflect.DelegatingMethodAccessorImpl.invoke(DelegatingMethodAccessorImpl.java:43)
	at java.lang.reflect.Method.invoke(Method.java:616)
	at org.junit.runners.model.FrameworkMethod$1.runReflectiveCall(FrameworkMethod.java:44)
	at org.junit.internal.runners.model.ReflectiveCallable.run(ReflectiveCallable.java:15)
	at org.junit.runners.model.FrameworkMethod.invokeExplosively(FrameworkMethod.java:41)
	at org.junit.internal.runners.statements.InvokeMethod.evaluate(InvokeMethod.java:20)
	at org.junit.runners.BlockJUnit4ClassRunner.runNotIgnored(BlockJUnit4ClassRunner.java:79)
	at org.junit.runners.BlockJUnit4ClassRunner.runChild(BlockJUnit4ClassRunner.java:71)
	at org.junit.runners.BlockJUnit4ClassRunner.runChild(BlockJUnit4ClassRunner.java:49)
	at org.junit.runners.ParentRunner$3.run(ParentRunner.java:193)
	at org.junit.runners.ParentRunner$1.schedule(ParentRunner.java:52)
	at org.junit.runners.ParentRunner.runChildren(ParentRunner.java:191)
	at org.junit.runners.ParentRunner.access$000(ParentRunner.java:42)
	at org.junit.runners.ParentRunner$2.evaluate(ParentRunner.java:184)
	at org.junit.runners.ParentRunner.run(ParentRunner.java:236)
	at org.apache.maven.surefire.junit4.JUnit4TestSet.execute(JUnit4TestSet.java:35)
	at org.apache.maven.surefire.junit4.JUnit4Provider.executeTestSet(JUnit4Provider.java:146)
	at org.apache.maven.surefire.junit4.JUnit4Provider.invoke(JUnit4Provider.java:97)
	at sun.reflect.NativeMethodAccessorImpl.invoke0(Native Method)
	at sun.reflect.NativeMethodAccessorImpl.invoke(NativeMethodAccessorImpl.java:57)
	at sun.reflect.DelegatingMethodAccessorImpl.invoke(DelegatingMethodAccessorImpl.java:43)
	at java.lang.reflect.Method.invoke(Method.java:616)
	at org.apache.maven.surefire.booter.ProviderFactory$ClassLoaderProxy.invoke(ProviderFactory.java:103)
	at $Proxy0.invoke(Unknown Source)
	at org.apache.maven.surefire.booter.SurefireStarter.invokeProvider(SurefireStarter.java:145)
	at org.apache.maven.surefire.booter.SurefireStarter.runSuitesInProcess(SurefireStarter.java:87)
	at org.apache.maven.surefire.booter.ForkedBooter.main(ForkedBooter.java:69)
</error>
    <system-out>@SLTests run: 1, Failures: 1, Errors: 0, Skipped: 0, Time elapsed: 0.016 sec &lt;&lt;&lt; FAILURE!
@SLRunning ro.zg.mdb.test.CommandsTest
</system-out>
  </testcase>
</testsuite>
